<?xml version="1.0" encoding="UTF-8"?>
<!-- Generated by org.testng.reporters.JUnitReportReporter -->
<testsuite hostname="LAPTOP-IHMLM7DO" failures="0" tests="1" name="com.juaracoding.labs.catalogs.CatalogTest" time="16.485" errors="0" timestamp="2025-10-06T18:16:23 WIB" skipped="0">
  <testcase classname="com.juaracoding.labs.catalogs.CatalogTest" name="addToCartTest" time="16.485"/>
</testsuite> <!-- com.juaracoding.labs.catalogs.CatalogTest -->
